2002.09.12 14:20 B H:\My Documents\Html\cdsoa\newtest\images\30drawing.gif --> ftp.toolworks.com /newtest/images 30drawing.gif
2002.09.12 14:20 B H:\My Documents\Html\cdsoa\newtest\images\30drawing_trans.gif --> ftp.toolworks.com /newtest/images 30drawing_trans.gif
2002.09.12 14:20 B H:\My Documents\Html\cdsoa\newtest\images\adamarie72.jpg --> ftp.toolworks.com /newtest/images adamarie72.jpg
2002.09.12 14:20 B H:\My Documents\Html\cdsoa\newtest\images\adamariebig.jpg --> ftp.toolworks.com /newtest/images adamariebig.jpg
2002.09.12 14:20 B H:\My Documents\Html\cdsoa\newtest\images\cd36bg.gif --> ftp.toolworks.com /newtest/images cd36bg.gif
2002.09.12 14:20 B H:\My Documents\Html\cdsoa\newtest\images\cdrule.gif --> ftp.toolworks.com /newtest/images cdrule.gif
2002.09.12 14:20 B H:\My Documents\Html\cdsoa\newtest\images\cdsoa.gif --> ftp.toolworks.com /newtest/images cdsoa.gif
2002.09.12 14:20 B H:\My Documents\Html\cdsoa\newtest\images\CDSOA_circle.jpg --> ftp.toolworks.com /newtest/images CDSOA_circle.jpg
2002.09.12 14:20 B H:\My Documents\Html\cdsoa\newtest\images\CDSOA_circle_logo.gif --> ftp.toolworks.com /newtest/images CDSOA_circle_logo.gif
2002.09.12 14:20 B H:\My Documents\Html\cdsoa\newtest\images\CDSOA_circle_logo.jpg --> ftp.toolworks.com /newtest/images CDSOA_circle_logo.jpg
2002.09.12 14:20 B H:\My Documents\Html\cdsoa\newtest\images\celticray72.jpg --> ftp.toolworks.com /newtest/images celticray72.jpg
2002.09.12 14:20 B H:\My Documents\Html\cdsoa\newtest\images\celticraybig.jpg --> ftp.toolworks.com /newtest/images celticraybig.jpg
2002.09.12 14:20 B H:\My Documents\Html\cdsoa\newtest\images\gemini160.jpg --> ftp.toolworks.com /newtest/images gemini160.jpg
2002.09.12 14:20 B H:\My Documents\Html\cdsoa\newtest\images\gemini72.jpg --> ftp.toolworks.com /newtest/images gemini72.jpg
2002.09.12 14:20 B H:\My Documents\Html\cdsoa\newtest\images\geminibig.jpg --> ftp.toolworks.com /newtest/images geminibig.jpg
2002.09.12 14:20 B H:\My Documents\Html\cdsoa\newtest\images\goldsmith72.jpg --> ftp.toolworks.com /newtest/images goldsmith72.jpg
2002.09.12 14:20 B H:\My Documents\Html\cdsoa\newtest\images\goldsmithbig.jpg --> ftp.toolworks.com /newtest/images goldsmithbig.jpg
2002.09.12 14:20 B H:\My Documents\Html\cdsoa\newtest\images\hanalei72.jpg --> ftp.toolworks.com /newtest/images hanalei72.jpg
2002.09.12 14:20 B H:\My Documents\Html\cdsoa\newtest\images\hanaleibig.jpg --> ftp.toolworks.com /newtest/images hanaleibig.jpg
2002.09.12 14:20 B H:\My Documents\Html\cdsoa\newtest\images\heatherann160.jpg --> ftp.toolworks.com /newtest/images heatherann160.jpg
2002.09.12 14:20 B H:\My Documents\Html\cdsoa\newtest\images\heatherann72.jpg --> ftp.toolworks.com /newtest/images heatherann72.jpg
2002.09.12 14:20 B H:\My Documents\Html\cdsoa\newtest\images\heatherannbig.jpg --> ftp.toolworks.com /newtest/images heatherannbig.jpg
2002.09.12 14:20 B H:\My Documents\Html\cdsoa\newtest\images\machtnichts160.jpg --> ftp.toolworks.com /newtest/images machtnichts160.jpg
2002.09.12 14:20 B H:\My Documents\Html\cdsoa\newtest\images\machtnichts72.jpg --> ftp.toolworks.com /newtest/images machtnichts72.jpg
2002.09.12 14:20 B H:\My Documents\Html\cdsoa\newtest\images\machtnichtsbig.jpg --> ftp.toolworks.com /newtest/images machtnichtsbig.jpg
2002.09.12 14:20 B H:\My Documents\Html\cdsoa\newtest\images\millertime2-72.jpg --> ftp.toolworks.com /newtest/images millertime2-72.jpg
2002.09.12 14:20 B H:\My Documents\Html\cdsoa\newtest\images\millertime2big.jpg --> ftp.toolworks.com /newtest/images millertime2big.jpg
2002.09.12 14:20 B H:\My Documents\Html\cdsoa\newtest\images\millertime72.jpg --> ftp.toolworks.com /newtest/images millertime72.jpg
2002.09.12 14:20 B H:\My Documents\Html\cdsoa\newtest\images\millertimebig.jpg --> ftp.toolworks.com /newtest/images millertimebig.jpg
2002.09.12 14:20 B H:\My Documents\Html\cdsoa\newtest\images\sail.jpg --> ftp.toolworks.com /newtest/images sail.jpg
2002.09.12 14:20 B H:\My Documents\Html\cdsoa\newtest\images\sails.jpg --> ftp.toolworks.com /newtest/images sails.jpg
2002.09.12 14:20 B H:\My Documents\Html\cdsoa\newtest\images\spacer.gif --> ftp.toolworks.com /newtest/images spacer.gif
2002.09.12 14:20 B H:\My Documents\Html\cdsoa\newtest\images\spacer160.gif --> ftp.toolworks.com /newtest/images spacer160.gif
2002.09.12 14:20 B H:\My Documents\Html\cdsoa\newtest\images\spacer170.gif --> ftp.toolworks.com /newtest/images spacer170.gif
2002.09.12 17:23 B H:\My Documents\Html\cdsoa\newtest\images\cdsoa_logo.jpg --> ftp.toolworks.com /newtest/images cdsoa_logo.jpg
2002.09.12 17:23 B H:\My Documents\Html\cdsoa\newtest\images\cdsoacirclelogo2.gif --> ftp.toolworks.com /newtest/images cdsoacirclelogo2.gif
2002.09.17 15:35 B H:\My Documents\Html\cdsoa\newtest\images\30drawing_blue_trans.gif --> ftp.toolworks.com /newtest/images 30drawing_blue_trans.gif
2002.09.18 17:55 B H:\My Documents\Html\cdsoa\newtest\images\CDSOA_logo_bg.gif --> ftp.toolworks.com /newtest/images CDSOA_logo_bg.gif
2004.02.06 12:13 A D:\web site 2-feb-04\httpdocs\cdsoa\images\WS_FTP.LOG <-- CDSOA /httpdocs/images WS_FTP.LOG
2004.02.06 12:13 B D:\web site 2-feb-04\httpdocs\cdsoa\images\uscg.jpg <-- CDSOA /httpdocs/images uscg.jpg
2004.02.06 12:13 B D:\web site 2-feb-04\httpdocs\cdsoa\images\spartan.jpg <-- CDSOA /httpdocs/images spartan.jpg
2004.02.06 12:13 B D:\web site 2-feb-04\httpdocs\cdsoa\images\spacer170.gif <-- CDSOA /httpdocs/images spacer170.gif
2004.02.06 12:13 B D:\web site 2-feb-04\httpdocs\cdsoa\images\spacer160.gif <-- CDSOA /httpdocs/images spacer160.gif
2004.02.06 12:13 B D:\web site 2-feb-04\httpdocs\cdsoa\images\spacer.gif <-- CDSOA /httpdocs/images spacer.gif
2004.02.06 12:13 B D:\web site 2-feb-04\httpdocs\cdsoa\images\sails.jpg <-- CDSOA /httpdocs/images sails.jpg
2004.02.06 12:13 B D:\web site 2-feb-04\httpdocs\cdsoa\images\sailorman.gif <-- CDSOA /httpdocs/images sailorman.gif
2004.02.06 12:13 B D:\web site 2-feb-04\httpdocs\cdsoa\images\sail.jpg <-- CDSOA /httpdocs/images sail.jpg
2004.02.06 12:13 B D:\web site 2-feb-04\httpdocs\cdsoa\images\robnhood.jpg <-- CDSOA /httpdocs/images robnhood.jpg
2004.02.06 12:13 B D:\web site 2-feb-04\httpdocs\cdsoa\images\noaa.jpg <-- CDSOA /httpdocs/images noaa.jpg
2004.02.06 12:13 B D:\web site 2-feb-04\httpdocs\cdsoa\images\newport.gif <-- CDSOA /httpdocs/images newport.gif
2004.02.06 12:13 B D:\web site 2-feb-04\httpdocs\cdsoa\images\new2.gif <-- CDSOA /httpdocs/images new2.gif
2004.02.06 12:13 B D:\web site 2-feb-04\httpdocs\cdsoa\images\mc-wickford.gif <-- CDSOA /httpdocs/images mc-wickford.gif
2004.02.06 12:13 B D:\web site 2-feb-04\httpdocs\cdsoa\images\GL-logo.jpg <-- CDSOA /httpdocs/images GL-logo.jpg
2004.02.06 12:13 B D:\web site 2-feb-04\httpdocs\cdsoa\images\GL-logo-sml.jpg <-- CDSOA /httpdocs/images GL-logo-sml.jpg
2004.02.06 12:13 B D:\web site 2-feb-04\httpdocs\cdsoa\images\cdsoacirclelogo2.gif <-- CDSOA /httpdocs/images cdsoacirclelogo2.gif
2004.02.06 12:13 B D:\web site 2-feb-04\httpdocs\cdsoa\images\CDSOA_logo_bg.gif <-- CDSOA /httpdocs/images CDSOA_logo_bg.gif
2004.02.06 12:13 B D:\web site 2-feb-04\httpdocs\cdsoa\images\cdsoa_logo.jpg <-- CDSOA /httpdocs/images cdsoa_logo.jpg
2004.02.06 12:13 B D:\web site 2-feb-04\httpdocs\cdsoa\images\CDSOA_circle_logo2.gif <-- CDSOA /httpdocs/images CDSOA_circle_logo2.gif
2004.02.06 12:13 B D:\web site 2-feb-04\httpdocs\cdsoa\images\CDSOA_circle_logo.jpg <-- CDSOA /httpdocs/images CDSOA_circle_logo.jpg
2004.02.06 12:13 B D:\web site 2-feb-04\httpdocs\cdsoa\images\CDSOA_circle_logo.gif <-- CDSOA /httpdocs/images CDSOA_circle_logo.gif
2004.02.06 12:13 B D:\web site 2-feb-04\httpdocs\cdsoa\images\CDSOA_circle.jpg <-- CDSOA /httpdocs/images CDSOA_circle.jpg
2004.02.06 12:13 B D:\web site 2-feb-04\httpdocs\cdsoa\images\cdsoa.gif <-- CDSOA /httpdocs/images cdsoa.gif
2004.02.06 12:13 B D:\web site 2-feb-04\httpdocs\cdsoa\images\cdrule.gif <-- CDSOA /httpdocs/images cdrule.gif
2004.02.06 12:13 B D:\web site 2-feb-04\httpdocs\cdsoa\images\cdory40.jpg <-- CDSOA /httpdocs/images cdory40.jpg
2004.02.06 12:13 B D:\web site 2-feb-04\httpdocs\cdsoa\images\cd36bg.gif <-- CDSOA /httpdocs/images cd36bg.gif
2004.02.06 12:13 B D:\web site 2-feb-04\httpdocs\cdsoa\images\cd32hullpl.JPG <-- CDSOA /httpdocs/images cd32hullpl.JPG
2004.02.06 12:13 B D:\web site 2-feb-04\httpdocs\cdsoa\images\boatus.gif <-- CDSOA /httpdocs/images boatus.gif
2004.02.06 12:13 B D:\web site 2-feb-04\httpdocs\cdsoa\images\boatstuff.jpg <-- CDSOA /httpdocs/images boatstuff.jpg
2004.02.06 12:13 B D:\web site 2-feb-04\httpdocs\cdsoa\images\BBLOGO.GIF <-- CDSOA /httpdocs/images BBLOGO.GIF
2004.02.06 12:13 B D:\web site 2-feb-04\httpdocs\cdsoa\images\30drawing_trans.gif <-- CDSOA /httpdocs/images 30drawing_trans.gif
2004.02.06 12:13 B D:\web site 2-feb-04\httpdocs\cdsoa\images\30drawing_blue_trans.gif <-- CDSOA /httpdocs/images 30drawing_blue_trans.gif
2004.02.06 12:13 B D:\web site 2-feb-04\httpdocs\cdsoa\images\30drawing.gif <-- CDSOA /httpdocs/images 30drawing.gif
